22-Sep-2023 00:02:24.318 ADVERTÊNCIA [http-nio-8001-exec-21] org.apache.catalina.loader.WebappClassLoaderBase.clearReferencesJdbc The web application [target#tasks-backend] registered the JDBC driver [org.postgresql.Driver] but failed to unregister it when the web application was stopped. To prevent a memory leak, the JDBC Driver has been forcibly unregistered.
22-Sep-2023 00:02:24.926 INFORMAÇÕES [http-nio-8001-exec-21] org.apache.catalina.startup.HostConfig.undeploy Undeploying context [/target/tasks-backend]
22-Sep-2023 00:02:25.213 INFORMAÇÕES [http-nio-8001-exec-28] org.apache.catalina.startup.HostConfig.deployWAR Deploying web application archive [C:\Users\WINDOWS HOME\devops-jenkins\apache-tomcat-9.0.78\webapps\target#tasks-backend.war]
22-Sep-2023 00:02:31.053 INFORMAÇÕES [http-nio-8001-exec-28] org.apache.jasper.servlet.TldScanner.scanJars At least one JAR was scanned for TLDs yet contained no TLDs. Enable debug logging for this logger for a complete list of JARs that were scanned but no TLDs were found in them. Skipping unneeded JARs during scanning can improve startup time and JSP compilation time.
22-Sep-2023 00:02:42.874 INFORMAÇÕES [http-nio-8001-exec-28] org.apache.catalina.startup.HostConfig.deployWAR Deployment of web application archive [C:\Users\WINDOWS HOME\devops-jenkins\apache-tomcat-9.0.78\webapps\target#tasks-backend.war] has finished in [17.661] ms
22-Sep-2023 00:03:29.057 ADVERTÊNCIA [http-nio-8001-exec-33] org.apache.catalina.loader.WebappClassLoaderBase.clearReferencesJdbc The web application [target#tasks-backend] registered the JDBC driver [org.postgresql.Driver] but failed to unregister it when the web application was stopped. To prevent a memory leak, the JDBC Driver has been forcibly unregistered.
22-Sep-2023 00:03:29.717 INFORMAÇÕES [http-nio-8001-exec-33] org.apache.catalina.startup.HostConfig.undeploy Undeploying context [/target/tasks-backend]
22-Sep-2023 00:03:30.279 INFORMAÇÕES [http-nio-8001-exec-24] org.apache.catalina.startup.HostConfig.deployWAR Deploying web application archive [C:\Users\WINDOWS HOME\devops-jenkins\apache-tomcat-9.0.78\webapps\target#tasks-backend.war]
22-Sep-2023 00:03:31.303 INFORMAÇÕES [http-nio-8001-exec-25] org.apache.catalina.startup.HostConfig.undeploy Undeploying context [/target/tasks]
22-Sep-2023 00:03:31.580 INFORMAÇÕES [http-nio-8001-exec-35] org.apache.catalina.startup.HostConfig.deployWAR Deploying web application archive [C:\Users\WINDOWS HOME\devops-jenkins\apache-tomcat-9.0.78\webapps\target#tasks.war]
22-Sep-2023 00:03:38.075 INFORMAÇÕES [http-nio-8001-exec-35] org.apache.jasper.servlet.TldScanner.scanJars At least one JAR was scanned for TLDs yet contained no TLDs. Enable debug logging for this logger for a complete list of JARs that were scanned but no TLDs were found in them. Skipping unneeded JARs during scanning can improve startup time and JSP compilation time.
22-Sep-2023 00:03:39.974 INFORMAÇÕES [http-nio-8001-exec-24] org.apache.jasper.servlet.TldScanner.scanJars At least one JAR was scanned for TLDs yet contained no TLDs. Enable debug logging for this logger for a complete list of JARs that were scanned but no TLDs were found in them. Skipping unneeded JARs during scanning can improve startup time and JSP compilation time.
22-Sep-2023 00:03:43.857 INFORMAÇÕES [http-nio-8001-exec-35] org.apache.catalina.startup.HostConfig.deployWAR Deployment of web application archive [C:\Users\WINDOWS HOME\devops-jenkins\apache-tomcat-9.0.78\webapps\target#tasks.war] has finished in [12.276] ms
22-Sep-2023 00:03:49.837 INFORMAÇÕES [http-nio-8001-exec-24] org.apache.catalina.startup.HostConfig.deployWAR Deployment of web application archive [C:\Users\WINDOWS HOME\devops-jenkins\apache-tomcat-9.0.78\webapps\target#tasks-backend.war] has finished in [19.559] ms
22-Sep-2023 00:04:18.363 ADVERTÊNCIA [http-nio-8001-exec-29] org.apache.catalina.loader.WebappClassLoaderBase.clearReferencesJdbc The web application [target#tasks-backend] registered the JDBC driver [org.postgresql.Driver] but failed to unregister it when the web application was stopped. To prevent a memory leak, the JDBC Driver has been forcibly unregistered.
22-Sep-2023 00:04:18.984 INFORMAÇÕES [http-nio-8001-exec-29] org.apache.catalina.startup.HostConfig.undeploy Undeploying context [/target/tasks-backend]
22-Sep-2023 00:04:19.309 INFORMAÇÕES [http-nio-8001-exec-29] org.apache.catalina.startup.HostConfig.deployWAR Deploying web application archive [C:\Users\WINDOWS HOME\devops-jenkins\apache-tomcat-9.0.78\webapps\target#tasks-backend.war]
22-Sep-2023 00:04:20.046 INFORMAÇÕES [http-nio-8001-exec-39] org.apache.catalina.startup.HostConfig.undeploy Undeploying context [/target/tasks]
22-Sep-2023 00:04:20.142 INFORMAÇÕES [http-nio-8001-exec-37] org.apache.catalina.startup.HostConfig.deployWAR Deploying web application archive [C:\Users\WINDOWS HOME\devops-jenkins\apache-tomcat-9.0.78\webapps\target#tasks.war]
22-Sep-2023 00:04:23.108 INFORMAÇÕES [http-nio-8001-exec-37] org.apache.jasper.servlet.TldScanner.scanJars At least one JAR was scanned for TLDs yet contained no TLDs. Enable debug logging for this logger for a complete list of JARs that were scanned but no TLDs were found in them. Skipping unneeded JARs during scanning can improve startup time and JSP compilation time.
22-Sep-2023 00:04:24.509 INFORMAÇÕES [http-nio-8001-exec-29] org.apache.jasper.servlet.TldScanner.scanJars At least one JAR was scanned for TLDs yet contained no TLDs. Enable debug logging for this logger for a complete list of JARs that were scanned but no TLDs were found in them. Skipping unneeded JARs during scanning can improve startup time and JSP compilation time.
22-Sep-2023 00:04:27.817 INFORMAÇÕES [http-nio-8001-exec-37] org.apache.catalina.startup.HostConfig.deployWAR Deployment of web application archive [C:\Users\WINDOWS HOME\devops-jenkins\apache-tomcat-9.0.78\webapps\target#tasks.war] has finished in [7.675] ms
22-Sep-2023 00:04:33.456 INFORMAÇÕES [http-nio-8001-exec-29] org.apache.catalina.startup.HostConfig.deployWAR Deployment of web application archive [C:\Users\WINDOWS HOME\devops-jenkins\apache-tomcat-9.0.78\webapps\target#tasks-backend.war] has finished in [14.147] ms
22-Sep-2023 00:05:18.459 ADVERTÊNCIA [http-nio-8001-exec-42] org.apache.catalina.loader.WebappClassLoaderBase.clearReferencesJdbc The web application [target#tasks-backend] registered the JDBC driver [org.postgresql.Driver] but failed to unregister it when the web application was stopped. To prevent a memory leak, the JDBC Driver has been forcibly unregistered.
22-Sep-2023 00:05:19.075 INFORMAÇÕES [http-nio-8001-exec-42] org.apache.catalina.startup.HostConfig.undeploy Undeploying context [/target/tasks-backend]
22-Sep-2023 00:05:19.702 INFORMAÇÕES [http-nio-8001-exec-31] org.apache.catalina.startup.HostConfig.undeploy Undeploying context [/target/tasks]
22-Sep-2023 00:05:19.748 INFORMAÇÕES [http-nio-8001-exec-39] org.apache.catalina.startup.HostConfig.deployWAR Deploying web application archive [C:\Users\WINDOWS HOME\devops-jenkins\apache-tomcat-9.0.78\webapps\target#tasks-backend.war]
22-Sep-2023 00:05:19.878 INFORMAÇÕES [http-nio-8001-exec-47] org.apache.catalina.startup.HostConfig.deployWAR Deploying web application archive [C:\Users\WINDOWS HOME\devops-jenkins\apache-tomcat-9.0.78\webapps\target#tasks.war]
22-Sep-2023 00:05:22.912 INFORMAÇÕES [http-nio-8001-exec-47] org.apache.jasper.servlet.TldScanner.scanJars At least one JAR was scanned for TLDs yet contained no TLDs. Enable debug logging for this logger for a complete list of JARs that were scanned but no TLDs were found in them. Skipping unneeded JARs during scanning can improve startup time and JSP compilation time.
22-Sep-2023 00:05:24.742 INFORMAÇÕES [http-nio-8001-exec-39] org.apache.jasper.servlet.TldScanner.scanJars At least one JAR was scanned for TLDs yet contained no TLDs. Enable debug logging for this logger for a complete list of JARs that were scanned but no TLDs were found in them. Skipping unneeded JARs during scanning can improve startup time and JSP compilation time.
22-Sep-2023 00:05:27.257 INFORMAÇÕES [http-nio-8001-exec-47] org.apache.catalina.startup.HostConfig.deployWAR Deployment of web application archive [C:\Users\WINDOWS HOME\devops-jenkins\apache-tomcat-9.0.78\webapps\target#tasks.war] has finished in [7.379] ms
22-Sep-2023 00:05:33.021 INFORMAÇÕES [http-nio-8001-exec-39] org.apache.catalina.startup.HostConfig.deployWAR Deployment of web application archive [C:\Users\WINDOWS HOME\devops-jenkins\apache-tomcat-9.0.78\webapps\target#tasks-backend.war] has finished in [13.273] ms
22-Sep-2023 00:06:28.162 ADVERTÊNCIA [http-nio-8001-exec-49] org.apache.catalina.loader.WebappClassLoaderBase.clearReferencesJdbc The web application [target#tasks-backend] registered the JDBC driver [org.postgresql.Driver] but failed to unregister it when the web application was stopped. To prevent a memory leak, the JDBC Driver has been forcibly unregistered.
22-Sep-2023 00:06:28.837 INFORMAÇÕES [http-nio-8001-exec-49] org.apache.catalina.startup.HostConfig.undeploy Undeploying context [/target/tasks-backend]
22-Sep-2023 00:06:29.357 INFORMAÇÕES [http-nio-8001-exec-52] org.apache.catalina.startup.HostConfig.undeploy Undeploying context [/target/tasks]
22-Sep-2023 00:06:29.657 INFORMAÇÕES [http-nio-8001-exec-48] org.apache.catalina.startup.HostConfig.deployWAR Deploying web application archive [C:\Users\WINDOWS HOME\devops-jenkins\apache-tomcat-9.0.78\webapps\target#tasks.war]
22-Sep-2023 00:06:29.819 INFORMAÇÕES [http-nio-8001-exec-54] org.apache.catalina.startup.HostConfig.deployWAR Deploying web application archive [C:\Users\WINDOWS HOME\devops-jenkins\apache-tomcat-9.0.78\webapps\target#tasks-backend.war]
22-Sep-2023 00:06:34.311 INFORMAÇÕES [http-nio-8001-exec-48] org.apache.jasper.servlet.TldScanner.scanJars At least one JAR was scanned for TLDs yet contained no TLDs. Enable debug logging for this logger for a complete list of JARs that were scanned but no TLDs were found in them. Skipping unneeded JARs during scanning can improve startup time and JSP compilation time.
22-Sep-2023 00:06:37.052 INFORMAÇÕES [http-nio-8001-exec-54] org.apache.jasper.servlet.TldScanner.scanJars At least one JAR was scanned for TLDs yet contained no TLDs. Enable debug logging for this logger for a complete list of JARs that were scanned but no TLDs were found in them. Skipping unneeded JARs during scanning can improve startup time and JSP compilation time.
22-Sep-2023 00:06:39.363 INFORMAÇÕES [http-nio-8001-exec-48] org.apache.catalina.startup.HostConfig.deployWAR Deployment of web application archive [C:\Users\WINDOWS HOME\devops-jenkins\apache-tomcat-9.0.78\webapps\target#tasks.war] has finished in [9.707] ms
22-Sep-2023 00:06:47.939 INFORMAÇÕES [http-nio-8001-exec-54] org.apache.catalina.startup.HostConfig.deployWAR Deployment of web application archive [C:\Users\WINDOWS HOME\devops-jenkins\apache-tomcat-9.0.78\webapps\target#tasks-backend.war] has finished in [18.119] ms
22-Sep-2023 00:07:30.351 ADVERTÊNCIA [http-nio-8001-exec-56] org.apache.catalina.loader.WebappClassLoaderBase.clearReferencesJdbc The web application [target#tasks-backend] registered the JDBC driver [org.postgresql.Driver] but failed to unregister it when the web application was stopped. To prevent a memory leak, the JDBC Driver has been forcibly unregistered.
22-Sep-2023 00:07:31.195 INFORMAÇÕES [http-nio-8001-exec-56] org.apache.catalina.startup.HostConfig.undeploy Undeploying context [/target/tasks-backend]
22-Sep-2023 00:07:31.567 INFORMAÇÕES [http-nio-8001-exec-60] org.apache.catalina.startup.HostConfig.deployWAR Deploying web application archive [C:\Users\WINDOWS HOME\devops-jenkins\apache-tomcat-9.0.78\webapps\target#tasks-backend.war]
22-Sep-2023 00:07:33.725 INFORMAÇÕES [http-nio-8001-exec-53] org.apache.catalina.startup.HostConfig.undeploy Undeploying context [/target/tasks]
22-Sep-2023 00:07:34.053 INFORMAÇÕES [http-nio-8001-exec-42] org.apache.catalina.startup.HostConfig.deployWAR Deploying web application archive [C:\Users\WINDOWS HOME\devops-jenkins\apache-tomcat-9.0.78\webapps\target#tasks.war]
22-Sep-2023 00:07:37.413 INFORMAÇÕES [http-nio-8001-exec-42] org.apache.jasper.servlet.TldScanner.scanJars At least one JAR was scanned for TLDs yet contained no TLDs. Enable debug logging for this logger for a complete list of JARs that were scanned but no TLDs were found in them. Skipping unneeded JARs during scanning can improve startup time and JSP compilation time.
22-Sep-2023 00:07:38.009 INFORMAÇÕES [http-nio-8001-exec-60] org.apache.jasper.servlet.TldScanner.scanJars At least one JAR was scanned for TLDs yet contained no TLDs. Enable debug logging for this logger for a complete list of JARs that were scanned but no TLDs were found in them. Skipping unneeded JARs during scanning can improve startup time and JSP compilation time.
22-Sep-2023 00:07:41.986 INFORMAÇÕES [http-nio-8001-exec-42] org.apache.catalina.startup.HostConfig.deployWAR Deployment of web application archive [C:\Users\WINDOWS HOME\devops-jenkins\apache-tomcat-9.0.78\webapps\target#tasks.war] has finished in [7.932] ms
22-Sep-2023 00:07:50.354 INFORMAÇÕES [http-nio-8001-exec-60] org.apache.catalina.startup.HostConfig.deployWAR Deployment of web application archive [C:\Users\WINDOWS HOME\devops-jenkins\apache-tomcat-9.0.78\webapps\target#tasks-backend.war] has finished in [18.786] ms
22-Sep-2023 00:08:13.507 INFORMAÇÕES [http-nio-8001-exec-59] org.apache.catalina.startup.HostConfig.undeploy Undeploying context [/target/tasks]
22-Sep-2023 00:08:13.632 INFORMAÇÕES [http-nio-8001-exec-64] org.apache.catalina.startup.HostConfig.deployWAR Deploying web application archive [C:\Users\WINDOWS HOME\devops-jenkins\apache-tomcat-9.0.78\webapps\target#tasks.war]
22-Sep-2023 00:08:17.086 INFORMAÇÕES [http-nio-8001-exec-64] org.apache.jasper.servlet.TldScanner.scanJars At least one JAR was scanned for TLDs yet contained no TLDs. Enable debug logging for this logger for a complete list of JARs that were scanned but no TLDs were found in them. Skipping unneeded JARs during scanning can improve startup time and JSP compilation time.
22-Sep-2023 00:08:21.459 INFORMAÇÕES [http-nio-8001-exec-64] org.apache.catalina.startup.HostConfig.deployWAR Deployment of web application archive [C:\Users\WINDOWS HOME\devops-jenkins\apache-tomcat-9.0.78\webapps\target#tasks.war] has finished in [7.827] ms
22-Sep-2023 00:09:28.415 INFORMAÇÕES [http-nio-8001-exec-58] org.apache.catalina.startup.HostConfig.undeploy Undeploying context [/target/tasks]
22-Sep-2023 00:09:28.978 INFORMAÇÕES [http-nio-8001-exec-70] org.apache.catalina.startup.HostConfig.deployWAR Deploying web application archive [C:\Users\WINDOWS HOME\devops-jenkins\apache-tomcat-9.0.78\webapps\target#tasks.war]
22-Sep-2023 00:09:36.852 INFORMAÇÕES [http-nio-8001-exec-70] org.apache.jasper.servlet.TldScanner.scanJars At least one JAR was scanned for TLDs yet contained no TLDs. Enable debug logging for this logger for a complete list of JARs that were scanned but no TLDs were found in them. Skipping unneeded JARs during scanning can improve startup time and JSP compilation time.
22-Sep-2023 00:09:46.252 INFORMAÇÕES [http-nio-8001-exec-70] org.apache.catalina.startup.HostConfig.deployWAR Deployment of web application archive [C:\Users\WINDOWS HOME\devops-jenkins\apache-tomcat-9.0.78\webapps\target#tasks.war] has finished in [17.273] ms
22-Sep-2023 00:10:38.233 INFORMAÇÕES [http-nio-8001-exec-72] org.apache.catalina.startup.HostConfig.undeploy Undeploying context [/target/tasks]
22-Sep-2023 00:10:38.499 INFORMAÇÕES [http-nio-8001-exec-67] org.apache.catalina.startup.HostConfig.deployWAR Deploying web application archive [C:\Users\WINDOWS HOME\devops-jenkins\apache-tomcat-9.0.78\webapps\target#tasks.war]
22-Sep-2023 00:10:53.419 INFORMAÇÕES [http-nio-8001-exec-67] org.apache.jasper.servlet.TldScanner.scanJars At least one JAR was scanned for TLDs yet contained no TLDs. Enable debug logging for this logger for a complete list of JARs that were scanned but no TLDs were found in them. Skipping unneeded JARs during scanning can improve startup time and JSP compilation time.
22-Sep-2023 00:11:02.556 INFORMAÇÕES [http-nio-8001-exec-67] org.apache.catalina.startup.HostConfig.deployWAR Deployment of web application archive [C:\Users\WINDOWS HOME\devops-jenkins\apache-tomcat-9.0.78\webapps\target#tasks.war] has finished in [24.057] ms
22-Sep-2023 00:11:37.216 INFORMAÇÕES [http-nio-8001-exec-61] org.apache.catalina.startup.HostConfig.undeploy Undeploying context [/target/tasks]
22-Sep-2023 00:11:37.617 INFORMAÇÕES [http-nio-8001-exec-73] org.apache.catalina.startup.HostConfig.deployWAR Deploying web application archive [C:\Users\WINDOWS HOME\devops-jenkins\apache-tomcat-9.0.78\webapps\target#tasks.war]
22-Sep-2023 00:11:44.447 INFORMAÇÕES [http-nio-8001-exec-73] org.apache.jasper.servlet.TldScanner.scanJars At least one JAR was scanned for TLDs yet contained no TLDs. Enable debug logging for this logger for a complete list of JARs that were scanned but no TLDs were found in them. Skipping unneeded JARs during scanning can improve startup time and JSP compilation time.
22-Sep-2023 00:11:57.623 INFORMAÇÕES [http-nio-8001-exec-73] org.apache.catalina.startup.HostConfig.deployWAR Deployment of web application archive [C:\Users\WINDOWS HOME\devops-jenkins\apache-tomcat-9.0.78\webapps\target#tasks.war] has finished in [20.005] ms
22-Sep-2023 00:12:38.806 INFORMAÇÕES [http-nio-8001-exec-74] org.apache.catalina.startup.HostConfig.undeploy Undeploying context [/target/tasks]
22-Sep-2023 00:12:39.374 INFORMAÇÕES [http-nio-8001-exec-81] org.apache.catalina.startup.HostConfig.deployWAR Deploying web application archive [C:\Users\WINDOWS HOME\devops-jenkins\apache-tomcat-9.0.78\webapps\target#tasks.war]
22-Sep-2023 00:12:50.254 INFORMAÇÕES [http-nio-8001-exec-81] org.apache.jasper.servlet.TldScanner.scanJars At least one JAR was scanned for TLDs yet contained no TLDs. Enable debug logging for this logger for a complete list of JARs that were scanned but no TLDs were found in them. Skipping unneeded JARs during scanning can improve startup time and JSP compilation time.
22-Sep-2023 00:12:57.487 INFORMAÇÕES [http-nio-8001-exec-81] org.apache.catalina.startup.HostConfig.deployWAR Deployment of web application archive [C:\Users\WINDOWS HOME\devops-jenkins\apache-tomcat-9.0.78\webapps\target#tasks.war] has finished in [18.127] ms
22-Sep-2023 00:13:22.827 INFORMAÇÕES [http-nio-8001-exec-80] org.apache.catalina.startup.HostConfig.undeploy Undeploying context [/target/tasks]
22-Sep-2023 00:13:22.919 INFORMAÇÕES [http-nio-8001-exec-79] org.apache.catalina.startup.HostConfig.deployWAR Deploying web application archive [C:\Users\WINDOWS HOME\devops-jenkins\apache-tomcat-9.0.78\webapps\target#tasks.war]
22-Sep-2023 00:13:27.357 INFORMAÇÕES [http-nio-8001-exec-79] org.apache.jasper.servlet.TldScanner.scanJars At least one JAR was scanned for TLDs yet contained no TLDs. Enable debug logging for this logger for a complete list of JARs that were scanned but no TLDs were found in them. Skipping unneeded JARs during scanning can improve startup time and JSP compilation time.
22-Sep-2023 00:13:31.727 INFORMAÇÕES [http-nio-8001-exec-79] org.apache.catalina.startup.HostConfig.deployWAR Deployment of web application archive [C:\Users\WINDOWS HOME\devops-jenkins\apache-tomcat-9.0.78\webapps\target#tasks.war] has finished in [8.808] ms
