21-Sep-2023 22:56:39.598 INFORMAÇÕES [main] org.apache.catalina.core.ApplicationContext.log 2 Spring WebApplicationInitializers detected on classpath
21-Sep-2023 22:56:45.870 INFORMAÇÕES [main] org.apache.catalina.core.ApplicationContext.log Initializing Spring embedded WebApplicationContext
21-Sep-2023 22:57:22.663 INFORMAÇÕES [main] org.apache.catalina.core.ApplicationContext.log 3 Spring WebApplicationInitializers detected on classpath
21-Sep-2023 22:57:31.449 INFORMAÇÕES [main] org.apache.catalina.core.ApplicationContext.log Initializing Spring embedded WebApplicationContext
21-Sep-2023 22:57:36.919 INFORMAÇÕES [main] org.apache.catalina.core.ApplicationContext.log Initializing Spring embedded WebApplicationContext
21-Sep-2023 22:57:44.739 INFORMAÇÕES [main] org.apache.catalina.core.ApplicationContext.log ContextListener: contextInitialized()
21-Sep-2023 22:57:44.739 INFORMAÇÕES [main] org.apache.catalina.core.ApplicationContext.log SessionListener: contextInitialized()
21-Sep-2023 22:57:44.742 INFORMAÇÕES [main] org.apache.catalina.core.ApplicationContext.log ContextListener: attributeAdded('StockTicker', 'async.Stockticker@53141d54')
21-Sep-2023 22:58:13.815 INFORMAÇÕES [http-nio-8001-exec-4] org.apache.catalina.core.ApplicationContext.log Initializing Spring DispatcherServlet 'dispatcherServlet'
21-Sep-2023 23:00:28.702 INFORMAÇÕES [http-nio-8001-exec-9] org.apache.catalina.core.ApplicationContext.log 3 Spring WebApplicationInitializers detected on classpath
21-Sep-2023 23:00:31.434 INFORMAÇÕES [http-nio-8001-exec-9] org.apache.catalina.core.ApplicationContext.log Initializing Spring embedded WebApplicationContext
21-Sep-2023 23:00:33.127 INFORMAÇÕES [http-nio-8001-exec-9] org.apache.catalina.core.ApplicationContext.log Initializing Spring embedded WebApplicationContext
21-Sep-2023 23:01:38.954 INFORMAÇÕES [http-nio-8001-exec-8] org.apache.catalina.core.ApplicationContext.log Initializing Spring DispatcherServlet 'dispatcherServlet'
21-Sep-2023 23:01:45.520 INFORMAÇÕES [http-nio-8001-exec-6] org.apache.catalina.core.ApplicationContext.log Destroying Spring FrameworkServlet 'dispatcherServlet'
21-Sep-2023 23:01:45.522 INFORMAÇÕES [http-nio-8001-exec-6] org.apache.catalina.core.ApplicationContext.log Closing Spring root WebApplicationContext
21-Sep-2023 23:01:45.582 INFORMAÇÕES [http-nio-8001-exec-6] org.apache.catalina.core.ApplicationContext.log Closing Spring root WebApplicationContext
21-Sep-2023 23:04:01.855 INFORMAÇÕES [http-nio-8001-exec-11] org.apache.catalina.core.ApplicationContext.log Initializing Spring DispatcherServlet 'dispatcherServlet'
21-Sep-2023 23:06:26.441 INFORMAÇÕES [http-nio-8001-exec-11] org.apache.catalina.core.ApplicationContext.log Destroying Spring FrameworkServlet 'dispatcherServlet'
21-Sep-2023 23:06:26.442 INFORMAÇÕES [http-nio-8001-exec-11] org.apache.catalina.core.ApplicationContext.log Closing Spring root WebApplicationContext
21-Sep-2023 23:06:26.458 INFORMAÇÕES [http-nio-8001-exec-11] org.apache.catalina.core.ApplicationContext.log Closing Spring root WebApplicationContext
21-Sep-2023 23:06:30.924 INFORMAÇÕES [http-nio-8001-exec-16] org.apache.catalina.core.ApplicationContext.log 3 Spring WebApplicationInitializers detected on classpath
21-Sep-2023 23:06:33.783 INFORMAÇÕES [http-nio-8001-exec-16] org.apache.catalina.core.ApplicationContext.log Initializing Spring embedded WebApplicationContext
21-Sep-2023 23:06:35.557 INFORMAÇÕES [http-nio-8001-exec-16] org.apache.catalina.core.ApplicationContext.log Initializing Spring embedded WebApplicationContext
21-Sep-2023 23:07:55.822 INFORMAÇÕES [http-nio-8001-exec-22] org.apache.catalina.core.ApplicationContext.log Initializing Spring DispatcherServlet 'dispatcherServlet'
21-Sep-2023 23:08:26.916 INFORMAÇÕES [main] org.apache.catalina.core.ApplicationContext.log 2 Spring WebApplicationInitializers detected on classpath
21-Sep-2023 23:08:30.528 INFORMAÇÕES [main] org.apache.catalina.core.ApplicationContext.log Initializing Spring embedded WebApplicationContext
21-Sep-2023 23:08:41.328 INFORMAÇÕES [main] org.apache.catalina.core.ApplicationContext.log 3 Spring WebApplicationInitializers detected on classpath
21-Sep-2023 23:08:44.104 INFORMAÇÕES [main] org.apache.catalina.core.ApplicationContext.log Initializing Spring embedded WebApplicationContext
21-Sep-2023 23:08:45.750 INFORMAÇÕES [main] org.apache.catalina.core.ApplicationContext.log Initializing Spring embedded WebApplicationContext
21-Sep-2023 23:08:46.408 INFORMAÇÕES [main] org.apache.catalina.core.ApplicationContext.log ContextListener: contextInitialized()
21-Sep-2023 23:08:46.409 INFORMAÇÕES [main] org.apache.catalina.core.ApplicationContext.log SessionListener: contextInitialized()
21-Sep-2023 23:08:46.411 INFORMAÇÕES [main] org.apache.catalina.core.ApplicationContext.log ContextListener: attributeAdded('StockTicker', 'async.Stockticker@75424865')
21-Sep-2023 23:09:25.438 INFORMAÇÕES [http-nio-8001-exec-3] org.apache.catalina.core.ApplicationContext.log Initializing Spring DispatcherServlet 'dispatcherServlet'
21-Sep-2023 23:14:24.029 INFORMAÇÕES [http-nio-8001-exec-10] org.apache.catalina.core.ApplicationContext.log Initializing Spring DispatcherServlet 'dispatcherServlet'
21-Sep-2023 23:16:07.134 INFORMAÇÕES [http-nio-8001-exec-9] org.apache.catalina.core.ApplicationContext.log Destroying Spring FrameworkServlet 'dispatcherServlet'
21-Sep-2023 23:16:07.135 INFORMAÇÕES [http-nio-8001-exec-9] org.apache.catalina.core.ApplicationContext.log Closing Spring root WebApplicationContext
21-Sep-2023 23:16:07.148 INFORMAÇÕES [http-nio-8001-exec-9] org.apache.catalina.core.ApplicationContext.log Closing Spring root WebApplicationContext
21-Sep-2023 23:16:11.340 INFORMAÇÕES [http-nio-8001-exec-6] org.apache.catalina.core.ApplicationContext.log 3 Spring WebApplicationInitializers detected on classpath
21-Sep-2023 23:16:13.777 INFORMAÇÕES [http-nio-8001-exec-6] org.apache.catalina.core.ApplicationContext.log Initializing Spring embedded WebApplicationContext
21-Sep-2023 23:16:15.265 INFORMAÇÕES [http-nio-8001-exec-6] org.apache.catalina.core.ApplicationContext.log Initializing Spring embedded WebApplicationContext
21-Sep-2023 23:16:57.035 INFORMAÇÕES [http-nio-8001-exec-10] org.apache.catalina.core.ApplicationContext.log Initializing Spring DispatcherServlet 'dispatcherServlet'
21-Sep-2023 23:17:03.807 INFORMAÇÕES [http-nio-8001-exec-8] org.apache.catalina.core.ApplicationContext.log Destroying Spring FrameworkServlet 'dispatcherServlet'
21-Sep-2023 23:17:03.809 INFORMAÇÕES [http-nio-8001-exec-8] org.apache.catalina.core.ApplicationContext.log Closing Spring root WebApplicationContext
21-Sep-2023 23:17:03.826 INFORMAÇÕES [http-nio-8001-exec-8] org.apache.catalina.core.ApplicationContext.log Closing Spring root WebApplicationContext
21-Sep-2023 23:17:05.295 INFORMAÇÕES [http-nio-8001-exec-8] org.apache.catalina.core.ApplicationContext.log 3 Spring WebApplicationInitializers detected on classpath
21-Sep-2023 23:17:07.407 INFORMAÇÕES [http-nio-8001-exec-8] org.apache.catalina.core.ApplicationContext.log Initializing Spring embedded WebApplicationContext
21-Sep-2023 23:17:08.666 INFORMAÇÕES [http-nio-8001-exec-8] org.apache.catalina.core.ApplicationContext.log Initializing Spring embedded WebApplicationContext
21-Sep-2023 23:17:08.710 INFORMAÇÕES [http-nio-8001-exec-10] org.apache.catalina.core.ApplicationContext.log Closing Spring root WebApplicationContext
21-Sep-2023 23:17:08.730 INFORMAÇÕES [http-nio-8001-exec-10] org.apache.catalina.core.ApplicationContext.log Closing Spring root WebApplicationContext
21-Sep-2023 23:17:10.158 INFORMAÇÕES [http-nio-8001-exec-10] org.apache.catalina.core.ApplicationContext.log 3 Spring WebApplicationInitializers detected on classpath
21-Sep-2023 23:17:12.276 INFORMAÇÕES [http-nio-8001-exec-10] org.apache.catalina.core.ApplicationContext.log Initializing Spring embedded WebApplicationContext
21-Sep-2023 23:17:13.615 INFORMAÇÕES [http-nio-8001-exec-10] org.apache.catalina.core.ApplicationContext.log Initializing Spring embedded WebApplicationContext
21-Sep-2023 23:17:13.659 INFORMAÇÕES [http-nio-8001-exec-1] org.apache.catalina.core.ApplicationContext.log Closing Spring root WebApplicationContext
21-Sep-2023 23:17:13.679 INFORMAÇÕES [http-nio-8001-exec-1] org.apache.catalina.core.ApplicationContext.log Closing Spring root WebApplicationContext
21-Sep-2023 23:17:15.224 INFORMAÇÕES [http-nio-8001-exec-1] org.apache.catalina.core.ApplicationContext.log 3 Spring WebApplicationInitializers detected on classpath
21-Sep-2023 23:17:17.196 INFORMAÇÕES [http-nio-8001-exec-1] org.apache.catalina.core.ApplicationContext.log Initializing Spring embedded WebApplicationContext
21-Sep-2023 23:17:18.390 INFORMAÇÕES [http-nio-8001-exec-1] org.apache.catalina.core.ApplicationContext.log Initializing Spring embedded WebApplicationContext
21-Sep-2023 23:17:18.433 INFORMAÇÕES [http-nio-8001-exec-15] org.apache.catalina.core.ApplicationContext.log Closing Spring root WebApplicationContext
21-Sep-2023 23:17:18.448 INFORMAÇÕES [http-nio-8001-exec-15] org.apache.catalina.core.ApplicationContext.log Closing Spring root WebApplicationContext
21-Sep-2023 23:17:19.850 INFORMAÇÕES [http-nio-8001-exec-15] org.apache.catalina.core.ApplicationContext.log 3 Spring WebApplicationInitializers detected on classpath
21-Sep-2023 23:17:21.934 INFORMAÇÕES [http-nio-8001-exec-15] org.apache.catalina.core.ApplicationContext.log Initializing Spring embedded WebApplicationContext
21-Sep-2023 23:17:23.306 INFORMAÇÕES [http-nio-8001-exec-15] org.apache.catalina.core.ApplicationContext.log Initializing Spring embedded WebApplicationContext
21-Sep-2023 23:17:23.361 INFORMAÇÕES [http-nio-8001-exec-3] org.apache.catalina.core.ApplicationContext.log Closing Spring root WebApplicationContext
21-Sep-2023 23:17:23.373 INFORMAÇÕES [http-nio-8001-exec-3] org.apache.catalina.core.ApplicationContext.log Closing Spring root WebApplicationContext
21-Sep-2023 23:17:24.838 INFORMAÇÕES [http-nio-8001-exec-3] org.apache.catalina.core.ApplicationContext.log 3 Spring WebApplicationInitializers detected on classpath
21-Sep-2023 23:17:26.788 INFORMAÇÕES [http-nio-8001-exec-3] org.apache.catalina.core.ApplicationContext.log Initializing Spring embedded WebApplicationContext
21-Sep-2023 23:17:28.130 INFORMAÇÕES [http-nio-8001-exec-3] org.apache.catalina.core.ApplicationContext.log Initializing Spring embedded WebApplicationContext
21-Sep-2023 23:17:29.093 INFORMAÇÕES [http-nio-8001-exec-14] org.apache.catalina.core.ApplicationContext.log Initializing Spring DispatcherServlet 'dispatcherServlet'
