20-Sep-2023 00:19:32.846 INFORMAÇÕES [main] org.apache.catalina.core.ApplicationContext.log 2 Spring WebApplicationInitializers detected on classpath
20-Sep-2023 00:19:37.259 INFORMAÇÕES [main] org.apache.catalina.core.ApplicationContext.log Initializing Spring embedded WebApplicationContext
20-Sep-2023 00:19:44.362 INFORMAÇÕES [main] org.apache.catalina.core.ApplicationContext.log ContextListener: contextInitialized()
20-Sep-2023 00:19:44.363 INFORMAÇÕES [main] org.apache.catalina.core.ApplicationContext.log SessionListener: contextInitialized()
20-Sep-2023 00:19:44.367 INFORMAÇÕES [main] org.apache.catalina.core.ApplicationContext.log ContextListener: attributeAdded('StockTicker', 'async.Stockticker@7bbf17d')
20-Sep-2023 00:21:12.222 INFORMAÇÕES [main] org.apache.catalina.core.ApplicationContext.log 2 Spring WebApplicationInitializers detected on classpath
20-Sep-2023 00:21:15.877 INFORMAÇÕES [main] org.apache.catalina.core.ApplicationContext.log Initializing Spring embedded WebApplicationContext
20-Sep-2023 00:21:23.397 INFORMAÇÕES [main] org.apache.catalina.core.ApplicationContext.log ContextListener: contextInitialized()
20-Sep-2023 00:21:23.397 INFORMAÇÕES [main] org.apache.catalina.core.ApplicationContext.log SessionListener: contextInitialized()
20-Sep-2023 00:21:23.399 INFORMAÇÕES [main] org.apache.catalina.core.ApplicationContext.log ContextListener: attributeAdded('StockTicker', 'async.Stockticker@594c66ea')
20-Sep-2023 09:39:00.194 INFORMAÇÕES [main] org.apache.catalina.core.ApplicationContext.log 2 Spring WebApplicationInitializers detected on classpath
20-Sep-2023 09:39:05.879 INFORMAÇÕES [main] org.apache.catalina.core.ApplicationContext.log Initializing Spring embedded WebApplicationContext
20-Sep-2023 09:39:17.952 INFORMAÇÕES [main] org.apache.catalina.core.ApplicationContext.log ContextListener: contextInitialized()
20-Sep-2023 09:39:17.952 INFORMAÇÕES [main] org.apache.catalina.core.ApplicationContext.log SessionListener: contextInitialized()
20-Sep-2023 09:39:17.955 INFORMAÇÕES [main] org.apache.catalina.core.ApplicationContext.log ContextListener: attributeAdded('StockTicker', 'async.Stockticker@2a8953aa')
20-Sep-2023 09:55:33.446 INFORMAÇÕES [main] org.apache.catalina.core.ApplicationContext.log ContextListener: contextInitialized()
20-Sep-2023 09:55:33.447 INFORMAÇÕES [main] org.apache.catalina.core.ApplicationContext.log SessionListener: contextInitialized()
20-Sep-2023 09:55:33.450 INFORMAÇÕES [main] org.apache.catalina.core.ApplicationContext.log ContextListener: attributeAdded('StockTicker', 'async.Stockticker@1e8823d2')
20-Sep-2023 10:04:20.245 INFORMAÇÕES [main] org.apache.catalina.core.ApplicationContext.log ContextListener: contextInitialized()
20-Sep-2023 10:04:20.245 INFORMAÇÕES [main] org.apache.catalina.core.ApplicationContext.log SessionListener: contextInitialized()
20-Sep-2023 10:04:20.248 INFORMAÇÕES [main] org.apache.catalina.core.ApplicationContext.log ContextListener: attributeAdded('StockTicker', 'async.Stockticker@1af1347d')
20-Sep-2023 10:12:28.698 INFORMAÇÕES [main] org.apache.catalina.core.ApplicationContext.log ContextListener: contextInitialized()
20-Sep-2023 10:12:28.698 INFORMAÇÕES [main] org.apache.catalina.core.ApplicationContext.log SessionListener: contextInitialized()
20-Sep-2023 10:12:28.702 INFORMAÇÕES [main] org.apache.catalina.core.ApplicationContext.log ContextListener: attributeAdded('StockTicker', 'async.Stockticker@1e8823d2')
20-Sep-2023 10:14:40.523 INFORMAÇÕES [http-nio-8001-exec-11] org.apache.catalina.core.ApplicationContext.log 2 Spring WebApplicationInitializers detected on classpath
20-Sep-2023 10:14:44.066 INFORMAÇÕES [http-nio-8001-exec-11] org.apache.catalina.core.ApplicationContext.log Initializing Spring embedded WebApplicationContext
20-Sep-2023 10:29:11.825 INFORMAÇÕES [http-nio-8001-exec-13] org.apache.catalina.core.ApplicationContext.log 2 Spring WebApplicationInitializers detected on classpath
20-Sep-2023 10:29:14.903 INFORMAÇÕES [http-nio-8001-exec-13] org.apache.catalina.core.ApplicationContext.log Initializing Spring embedded WebApplicationContext
20-Sep-2023 10:29:37.934 INFORMAÇÕES [http-nio-8001-exec-17] org.apache.catalina.core.ApplicationContext.log 2 Spring WebApplicationInitializers detected on classpath
20-Sep-2023 10:29:40.989 INFORMAÇÕES [http-nio-8001-exec-17] org.apache.catalina.core.ApplicationContext.log Initializing Spring embedded WebApplicationContext
20-Sep-2023 10:30:40.982 INFORMAÇÕES [http-nio-8001-exec-23] org.apache.catalina.core.ApplicationContext.log 2 Spring WebApplicationInitializers detected on classpath
20-Sep-2023 10:30:44.462 INFORMAÇÕES [http-nio-8001-exec-23] org.apache.catalina.core.ApplicationContext.log Initializing Spring embedded WebApplicationContext
20-Sep-2023 10:30:55.570 INFORMAÇÕES [http-nio-8001-exec-24] org.apache.catalina.core.ApplicationContext.log 2 Spring WebApplicationInitializers detected on classpath
20-Sep-2023 10:30:59.246 INFORMAÇÕES [http-nio-8001-exec-24] org.apache.catalina.core.ApplicationContext.log Initializing Spring embedded WebApplicationContext
20-Sep-2023 10:31:50.312 INFORMAÇÕES [main] org.apache.catalina.core.ApplicationContext.log 2 Spring WebApplicationInitializers detected on classpath
20-Sep-2023 10:31:54.459 INFORMAÇÕES [main] org.apache.catalina.core.ApplicationContext.log Initializing Spring embedded WebApplicationContext
20-Sep-2023 10:32:03.209 INFORMAÇÕES [main] org.apache.catalina.core.ApplicationContext.log ContextListener: contextInitialized()
20-Sep-2023 10:32:03.209 INFORMAÇÕES [main] org.apache.catalina.core.ApplicationContext.log SessionListener: contextInitialized()
20-Sep-2023 10:32:03.212 INFORMAÇÕES [main] org.apache.catalina.core.ApplicationContext.log ContextListener: attributeAdded('StockTicker', 'async.Stockticker@4a99f9e5')
20-Sep-2023 10:32:20.005 INFORMAÇÕES [http-nio-8001-exec-3] org.apache.catalina.core.ApplicationContext.log 2 Spring WebApplicationInitializers detected on classpath
20-Sep-2023 10:32:23.130 INFORMAÇÕES [http-nio-8001-exec-3] org.apache.catalina.core.ApplicationContext.log Initializing Spring embedded WebApplicationContext
20-Sep-2023 10:40:08.166 INFORMAÇÕES [main] org.apache.catalina.core.ApplicationContext.log 2 Spring WebApplicationInitializers detected on classpath
20-Sep-2023 10:40:12.094 INFORMAÇÕES [main] org.apache.catalina.core.ApplicationContext.log Initializing Spring embedded WebApplicationContext
20-Sep-2023 10:40:23.846 INFORMAÇÕES [main] org.apache.catalina.core.ApplicationContext.log ContextListener: contextInitialized()
20-Sep-2023 10:40:23.846 INFORMAÇÕES [main] org.apache.catalina.core.ApplicationContext.log SessionListener: contextInitialized()
20-Sep-2023 10:40:23.848 INFORMAÇÕES [main] org.apache.catalina.core.ApplicationContext.log ContextListener: attributeAdded('StockTicker', 'async.Stockticker@6c5ebad')
20-Sep-2023 10:40:29.599 INFORMAÇÕES [http-nio-8001-exec-4] org.apache.catalina.core.ApplicationContext.log Initializing Spring DispatcherServlet 'dispatcherServlet'
20-Sep-2023 10:44:54.523 INFORMAÇÕES [http-nio-8001-exec-9] org.apache.catalina.core.ApplicationContext.log 3 Spring WebApplicationInitializers detected on classpath
20-Sep-2023 10:44:57.853 INFORMAÇÕES [http-nio-8001-exec-9] org.apache.catalina.core.ApplicationContext.log Initializing Spring embedded WebApplicationContext
20-Sep-2023 10:44:59.817 INFORMAÇÕES [http-nio-8001-exec-9] org.apache.catalina.core.ApplicationContext.log Initializing Spring embedded WebApplicationContext
20-Sep-2023 10:45:24.163 INFORMAÇÕES [http-nio-8001-exec-6] org.apache.catalina.core.ApplicationContext.log Initializing Spring DispatcherServlet 'dispatcherServlet'
20-Sep-2023 14:54:51.442 INFORMAÇÕES [http-nio-8001-exec-1] org.apache.catalina.core.ApplicationContext.log Destroying Spring FrameworkServlet 'dispatcherServlet'
20-Sep-2023 14:54:52.030 INFORMAÇÕES [http-nio-8001-exec-1] org.apache.catalina.core.ApplicationContext.log Closing Spring root WebApplicationContext
20-Sep-2023 14:56:13.526 INFORMAÇÕES [main] org.apache.catalina.core.ApplicationContext.log 2 Spring WebApplicationInitializers detected on classpath
20-Sep-2023 14:56:20.000 INFORMAÇÕES [main] org.apache.catalina.core.ApplicationContext.log Initializing Spring embedded WebApplicationContext
20-Sep-2023 14:56:34.012 INFORMAÇÕES [main] org.apache.catalina.core.ApplicationContext.log 3 Spring WebApplicationInitializers detected on classpath
20-Sep-2023 14:56:36.647 INFORMAÇÕES [main] org.apache.catalina.core.ApplicationContext.log Initializing Spring embedded WebApplicationContext
20-Sep-2023 14:56:38.140 INFORMAÇÕES [main] org.apache.catalina.core.ApplicationContext.log Initializing Spring embedded WebApplicationContext
20-Sep-2023 14:56:40.032 INFORMAÇÕES [main] org.apache.catalina.core.ApplicationContext.log ContextListener: contextInitialized()
20-Sep-2023 14:56:40.032 INFORMAÇÕES [main] org.apache.catalina.core.ApplicationContext.log SessionListener: contextInitialized()
20-Sep-2023 14:56:40.034 INFORMAÇÕES [main] org.apache.catalina.core.ApplicationContext.log ContextListener: attributeAdded('StockTicker', 'async.Stockticker@6fa2a253')
20-Sep-2023 14:56:46.261 INFORMAÇÕES [http-nio-8001-exec-4] org.apache.catalina.core.ApplicationContext.log Closing Spring root WebApplicationContext
20-Sep-2023 15:04:50.769 INFORMAÇÕES [http-nio-8001-exec-12] org.apache.catalina.core.ApplicationContext.log 2 Spring WebApplicationInitializers detected on classpath
20-Sep-2023 15:04:54.231 INFORMAÇÕES [http-nio-8001-exec-12] org.apache.catalina.core.ApplicationContext.log Initializing Spring embedded WebApplicationContext
20-Sep-2023 15:06:21.999 INFORMAÇÕES [http-nio-8001-exec-19] org.apache.catalina.core.ApplicationContext.log Closing Spring root WebApplicationContext
20-Sep-2023 15:06:36.955 INFORMAÇÕES [http-nio-8001-exec-16] org.apache.catalina.core.ApplicationContext.log 2 Spring WebApplicationInitializers detected on classpath
20-Sep-2023 15:06:43.627 INFORMAÇÕES [http-nio-8001-exec-16] org.apache.catalina.core.ApplicationContext.log Initializing Spring embedded WebApplicationContext
20-Sep-2023 15:12:39.530 INFORMAÇÕES [http-nio-8001-exec-21] org.apache.catalina.core.ApplicationContext.log Closing Spring root WebApplicationContext
20-Sep-2023 15:12:39.560 INFORMAÇÕES [http-nio-8001-exec-21] org.apache.catalina.core.ApplicationContext.log Closing Spring root WebApplicationContext
20-Sep-2023 15:13:15.617 INFORMAÇÕES [http-nio-8001-exec-25] org.apache.catalina.core.ApplicationContext.log Initializing Spring DispatcherServlet 'dispatcherServlet'
20-Sep-2023 15:15:24.896 INFORMAÇÕES [http-nio-8001-exec-32] org.apache.catalina.core.ApplicationContext.log 3 Spring WebApplicationInitializers detected on classpath
20-Sep-2023 15:15:30.551 INFORMAÇÕES [http-nio-8001-exec-32] org.apache.catalina.core.ApplicationContext.log Initializing Spring embedded WebApplicationContext
20-Sep-2023 15:15:33.652 INFORMAÇÕES [http-nio-8001-exec-32] org.apache.catalina.core.ApplicationContext.log Initializing Spring embedded WebApplicationContext
20-Sep-2023 15:15:59.842 INFORMAÇÕES [http-nio-8001-exec-36] org.apache.catalina.core.ApplicationContext.log Initializing Spring DispatcherServlet 'dispatcherServlet'
20-Sep-2023 15:17:32.807 INFORMAÇÕES [main] org.apache.catalina.core.ApplicationContext.log 2 Spring WebApplicationInitializers detected on classpath
20-Sep-2023 15:17:42.214 INFORMAÇÕES [main] org.apache.catalina.core.ApplicationContext.log Initializing Spring embedded WebApplicationContext
20-Sep-2023 15:17:59.509 INFORMAÇÕES [main] org.apache.catalina.core.ApplicationContext.log 3 Spring WebApplicationInitializers detected on classpath
20-Sep-2023 15:18:03.861 INFORMAÇÕES [main] org.apache.catalina.core.ApplicationContext.log Initializing Spring embedded WebApplicationContext
20-Sep-2023 15:18:07.347 INFORMAÇÕES [main] org.apache.catalina.core.ApplicationContext.log Initializing Spring embedded WebApplicationContext
20-Sep-2023 15:18:08.317 INFORMAÇÕES [main] org.apache.catalina.core.ApplicationContext.log ContextListener: contextInitialized()
20-Sep-2023 15:18:08.318 INFORMAÇÕES [main] org.apache.catalina.core.ApplicationContext.log SessionListener: contextInitialized()
20-Sep-2023 15:18:08.323 INFORMAÇÕES [main] org.apache.catalina.core.ApplicationContext.log ContextListener: attributeAdded('StockTicker', 'async.Stockticker@256e6ce3')
20-Sep-2023 15:18:14.721 INFORMAÇÕES [http-nio-8001-exec-6] org.apache.catalina.core.ApplicationContext.log Initializing Spring DispatcherServlet 'dispatcherServlet'
20-Sep-2023 15:21:50.409 INFORMAÇÕES [http-nio-8001-exec-7] org.apache.catalina.core.ApplicationContext.log Destroying Spring FrameworkServlet 'dispatcherServlet'
20-Sep-2023 15:21:50.412 INFORMAÇÕES [http-nio-8001-exec-7] org.apache.catalina.core.ApplicationContext.log Closing Spring root WebApplicationContext
20-Sep-2023 15:21:50.437 INFORMAÇÕES [http-nio-8001-exec-7] org.apache.catalina.core.ApplicationContext.log Closing Spring root WebApplicationContext
20-Sep-2023 15:21:55.129 INFORMAÇÕES [http-nio-8001-exec-5] org.apache.catalina.core.ApplicationContext.log 3 Spring WebApplicationInitializers detected on classpath
20-Sep-2023 15:21:57.640 INFORMAÇÕES [http-nio-8001-exec-5] org.apache.catalina.core.ApplicationContext.log Initializing Spring embedded WebApplicationContext
20-Sep-2023 15:21:59.662 INFORMAÇÕES [http-nio-8001-exec-5] org.apache.catalina.core.ApplicationContext.log Initializing Spring embedded WebApplicationContext
20-Sep-2023 15:22:53.196 INFORMAÇÕES [main] org.apache.catalina.core.ApplicationContext.log 2 Spring WebApplicationInitializers detected on classpath
20-Sep-2023 15:22:55.780 INFORMAÇÕES [http-nio-8001-exec-13] org.apache.catalina.core.ApplicationContext.log Initializing Spring DispatcherServlet 'dispatcherServlet'
20-Sep-2023 15:22:59.930 INFORMAÇÕES [main] org.apache.catalina.core.ApplicationContext.log Initializing Spring embedded WebApplicationContext
20-Sep-2023 15:23:13.299 INFORMAÇÕES [main] org.apache.catalina.core.ApplicationContext.log 3 Spring WebApplicationInitializers detected on classpath
20-Sep-2023 15:23:18.818 INFORMAÇÕES [main] org.apache.catalina.core.ApplicationContext.log Initializing Spring embedded WebApplicationContext
20-Sep-2023 15:23:21.928 INFORMAÇÕES [main] org.apache.catalina.core.ApplicationContext.log Initializing Spring embedded WebApplicationContext
20-Sep-2023 15:23:22.873 INFORMAÇÕES [main] org.apache.catalina.core.ApplicationContext.log ContextListener: contextInitialized()
20-Sep-2023 15:23:22.873 INFORMAÇÕES [main] org.apache.catalina.core.ApplicationContext.log SessionListener: contextInitialized()
20-Sep-2023 15:23:22.876 INFORMAÇÕES [main] org.apache.catalina.core.ApplicationContext.log ContextListener: attributeAdded('StockTicker', 'async.Stockticker@5fe49355')
20-Sep-2023 15:23:23.126 INFORMAÇÕES [main] org.apache.catalina.core.ApplicationContext.log Closing Spring root WebApplicationContext
20-Sep-2023 15:23:23.260 INFORMAÇÕES [main] org.apache.catalina.core.ApplicationContext.log SessionListener: contextDestroyed()
20-Sep-2023 15:23:23.260 INFORMAÇÕES [main] org.apache.catalina.core.ApplicationContext.log ContextListener: contextDestroyed()
20-Sep-2023 15:23:23.271 INFORMAÇÕES [main] org.apache.catalina.core.ApplicationContext.log Closing Spring root WebApplicationContext
20-Sep-2023 15:23:23.303 INFORMAÇÕES [main] org.apache.catalina.core.ApplicationContext.log Closing Spring root WebApplicationContext
20-Sep-2023 15:23:38.263 INFORMAÇÕES [http-nio-8001-exec-17] org.apache.catalina.core.ApplicationContext.log Destroying Spring FrameworkServlet 'dispatcherServlet'
20-Sep-2023 15:23:38.265 INFORMAÇÕES [http-nio-8001-exec-17] org.apache.catalina.core.ApplicationContext.log Closing Spring root WebApplicationContext
20-Sep-2023 15:23:38.285 INFORMAÇÕES [http-nio-8001-exec-17] org.apache.catalina.core.ApplicationContext.log Closing Spring root WebApplicationContext
20-Sep-2023 15:24:11.523 INFORMAÇÕES [http-nio-8001-exec-8] org.apache.catalina.core.ApplicationContext.log 3 Spring WebApplicationInitializers detected on classpath
20-Sep-2023 15:24:14.140 INFORMAÇÕES [http-nio-8001-exec-8] org.apache.catalina.core.ApplicationContext.log Initializing Spring embedded WebApplicationContext
20-Sep-2023 15:24:16.121 INFORMAÇÕES [http-nio-8001-exec-8] org.apache.catalina.core.ApplicationContext.log Initializing Spring embedded WebApplicationContext
20-Sep-2023 15:24:35.500 INFORMAÇÕES [http-nio-8001-exec-16] org.apache.catalina.core.ApplicationContext.log Closing Spring root WebApplicationContext
20-Sep-2023 15:24:35.513 INFORMAÇÕES [http-nio-8001-exec-16] org.apache.catalina.core.ApplicationContext.log Closing Spring root WebApplicationContext
20-Sep-2023 15:24:59.517 INFORMAÇÕES [main] org.apache.catalina.core.ApplicationContext.log 2 Spring WebApplicationInitializers detected on classpath
20-Sep-2023 15:25:05.932 INFORMAÇÕES [main] org.apache.catalina.core.ApplicationContext.log Initializing Spring embedded WebApplicationContext
20-Sep-2023 15:25:15.725 INFORMAÇÕES [main] org.apache.catalina.core.ApplicationContext.log ContextListener: contextInitialized()
20-Sep-2023 15:25:15.725 INFORMAÇÕES [main] org.apache.catalina.core.ApplicationContext.log SessionListener: contextInitialized()
20-Sep-2023 15:25:15.728 INFORMAÇÕES [main] org.apache.catalina.core.ApplicationContext.log ContextListener: attributeAdded('StockTicker', 'async.Stockticker@2cc1fdb1')
20-Sep-2023 15:25:57.693 INFORMAÇÕES [http-nio-8001-exec-6] org.apache.catalina.core.ApplicationContext.log 3 Spring WebApplicationInitializers detected on classpath
20-Sep-2023 15:26:02.501 INFORMAÇÕES [http-nio-8001-exec-6] org.apache.catalina.core.ApplicationContext.log Initializing Spring embedded WebApplicationContext
20-Sep-2023 15:26:04.812 INFORMAÇÕES [http-nio-8001-exec-6] org.apache.catalina.core.ApplicationContext.log Initializing Spring embedded WebApplicationContext
20-Sep-2023 15:26:06.831 INFORMAÇÕES [http-nio-8001-exec-8] org.apache.catalina.core.ApplicationContext.log Initializing Spring DispatcherServlet 'dispatcherServlet'
20-Sep-2023 15:26:26.187 INFORMAÇÕES [http-nio-8001-exec-7] org.apache.catalina.core.ApplicationContext.log Destroying Spring FrameworkServlet 'dispatcherServlet'
20-Sep-2023 15:26:26.190 INFORMAÇÕES [http-nio-8001-exec-7] org.apache.catalina.core.ApplicationContext.log Closing Spring root WebApplicationContext
20-Sep-2023 15:26:26.206 INFORMAÇÕES [http-nio-8001-exec-7] org.apache.catalina.core.ApplicationContext.log Closing Spring root WebApplicationContext
20-Sep-2023 15:26:35.122 INFORMAÇÕES [http-nio-8001-exec-4] org.apache.catalina.core.ApplicationContext.log 3 Spring WebApplicationInitializers detected on classpath
20-Sep-2023 15:26:39.287 INFORMAÇÕES [http-nio-8001-exec-4] org.apache.catalina.core.ApplicationContext.log Initializing Spring embedded WebApplicationContext
20-Sep-2023 15:26:41.024 INFORMAÇÕES [http-nio-8001-exec-4] org.apache.catalina.core.ApplicationContext.log Initializing Spring embedded WebApplicationContext
20-Sep-2023 15:26:51.577 INFORMAÇÕES [http-nio-8001-exec-9] org.apache.catalina.core.ApplicationContext.log Initializing Spring DispatcherServlet 'dispatcherServlet'
