21-Sep-2023 22:57:59.104 INFORMAÇÕES [http-nio-8001-exec-9] org.apache.catalina.core.ApplicationContext.log HTMLManager: init: Associated with Deployer 'Catalina:type=Deployer,host=localhost'
21-Sep-2023 22:57:59.107 INFORMAÇÕES [http-nio-8001-exec-9] org.apache.catalina.core.ApplicationContext.log HTMLManager: init: Global resources are available
21-Sep-2023 22:57:59.145 INFORMAÇÕES [http-nio-8001-exec-9] org.apache.catalina.core.ApplicationContext.log HTMLManager: list: Listing contexts for virtual host 'localhost'
21-Sep-2023 23:00:25.707 INFORMAÇÕES [http-nio-8001-exec-10] org.apache.catalina.core.ApplicationContext.log Manager: init: Associated with Deployer 'Catalina:type=Deployer,host=localhost'
21-Sep-2023 23:00:25.707 INFORMAÇÕES [http-nio-8001-exec-10] org.apache.catalina.core.ApplicationContext.log Manager: init: Global resources are available
21-Sep-2023 23:00:25.708 INFORMAÇÕES [http-nio-8001-exec-10] org.apache.catalina.core.ApplicationContext.log Manager: list: Listing contexts for virtual host 'localhost'
21-Sep-2023 23:00:25.716 INFORMAÇÕES [http-nio-8001-exec-9] org.apache.catalina.core.ApplicationContext.log Manager: deploy: Deploying web application '/target/tasks'
21-Sep-2023 23:00:25.716 INFORMAÇÕES [http-nio-8001-exec-9] org.apache.catalina.core.ApplicationContext.log Manager: Uploading WAR file to C:\Users\WINDOWS HOME\devops-jenkins\apache-tomcat-9.0.78\webapps\target#tasks.war
21-Sep-2023 23:01:36.028 INFORMAÇÕES [http-nio-8001-exec-5] org.apache.catalina.core.ApplicationContext.log HTMLManager: list: Listing contexts for virtual host 'localhost'
21-Sep-2023 23:01:45.514 INFORMAÇÕES [http-nio-8001-exec-6] org.apache.catalina.core.ApplicationContext.log HTMLManager: undeploy: Undeploying web application at '/tasks'
21-Sep-2023 23:01:45.577 INFORMAÇÕES [http-nio-8001-exec-3] org.apache.catalina.core.ApplicationContext.log HTMLManager: undeploy: Undeploying web application at '/tasks'
21-Sep-2023 23:01:45.578 INFORMAÇÕES [http-nio-8001-exec-3] org.apache.catalina.core.ApplicationContext.log HTMLManager: list: Listing contexts for virtual host 'localhost'
21-Sep-2023 23:01:46.245 INFORMAÇÕES [http-nio-8001-exec-6] org.apache.catalina.core.ApplicationContext.log HTMLManager: list: Listing contexts for virtual host 'localhost'
21-Sep-2023 23:01:51.350 INFORMAÇÕES [http-nio-8001-exec-8] org.apache.catalina.core.ApplicationContext.log HTMLManager: undeploy: Undeploying web application at '/tasks'
21-Sep-2023 23:01:51.350 INFORMAÇÕES [http-nio-8001-exec-8] org.apache.catalina.core.ApplicationContext.log HTMLManager: list: Listing contexts for virtual host 'localhost'
21-Sep-2023 23:06:26.431 INFORMAÇÕES [http-nio-8001-exec-17] org.apache.catalina.core.ApplicationContext.log Manager: list: Listing contexts for virtual host 'localhost'
21-Sep-2023 23:06:26.434 INFORMAÇÕES [http-nio-8001-exec-18] org.apache.catalina.core.ApplicationContext.log Manager: list: Listing contexts for virtual host 'localhost'
21-Sep-2023 23:06:26.438 INFORMAÇÕES [http-nio-8001-exec-11] org.apache.catalina.core.ApplicationContext.log Manager: undeploy: Undeploying web application at '/target/tasks'
21-Sep-2023 23:06:27.064 INFORMAÇÕES [http-nio-8001-exec-16] org.apache.catalina.core.ApplicationContext.log Manager: deploy: Deploying web application '/target/tasks'
21-Sep-2023 23:06:27.064 INFORMAÇÕES [http-nio-8001-exec-16] org.apache.catalina.core.ApplicationContext.log Manager: Uploading WAR file to C:\Users\WINDOWS HOME\devops-jenkins\apache-tomcat-9.0.78\webapps\target#tasks.war
21-Sep-2023 23:07:53.182 INFORMAÇÕES [http-nio-8001-exec-21] org.apache.catalina.core.ApplicationContext.log HTMLManager: undeploy: Undeploying web application at '/tasks'
21-Sep-2023 23:07:53.182 INFORMAÇÕES [http-nio-8001-exec-21] org.apache.catalina.core.ApplicationContext.log HTMLManager: list: Listing contexts for virtual host 'localhost'
21-Sep-2023 23:09:23.342 INFORMAÇÕES [http-nio-8001-exec-2] org.apache.catalina.core.ApplicationContext.log HTMLManager: init: Associated with Deployer 'Catalina:type=Deployer,host=localhost'
21-Sep-2023 23:09:23.342 INFORMAÇÕES [http-nio-8001-exec-2] org.apache.catalina.core.ApplicationContext.log HTMLManager: init: Global resources are available
21-Sep-2023 23:09:23.353 INFORMAÇÕES [http-nio-8001-exec-2] org.apache.catalina.core.ApplicationContext.log HTMLManager: list: Listing contexts for virtual host 'localhost'
21-Sep-2023 23:16:07.124 INFORMAÇÕES [http-nio-8001-exec-8] org.apache.catalina.core.ApplicationContext.log Manager: init: Associated with Deployer 'Catalina:type=Deployer,host=localhost'
21-Sep-2023 23:16:07.124 INFORMAÇÕES [http-nio-8001-exec-8] org.apache.catalina.core.ApplicationContext.log Manager: init: Global resources are available
21-Sep-2023 23:16:07.124 INFORMAÇÕES [http-nio-8001-exec-8] org.apache.catalina.core.ApplicationContext.log Manager: list: Listing contexts for virtual host 'localhost'
21-Sep-2023 23:16:07.127 INFORMAÇÕES [http-nio-8001-exec-7] org.apache.catalina.core.ApplicationContext.log Manager: list: Listing contexts for virtual host 'localhost'
21-Sep-2023 23:16:07.131 INFORMAÇÕES [http-nio-8001-exec-9] org.apache.catalina.core.ApplicationContext.log Manager: undeploy: Undeploying web application at '/target/tasks'
21-Sep-2023 23:16:08.260 INFORMAÇÕES [http-nio-8001-exec-6] org.apache.catalina.core.ApplicationContext.log Manager: deploy: Deploying web application '/target/tasks'
21-Sep-2023 23:16:08.260 INFORMAÇÕES [http-nio-8001-exec-6] org.apache.catalina.core.ApplicationContext.log Manager: Uploading WAR file to C:\Users\WINDOWS HOME\devops-jenkins\apache-tomcat-9.0.78\webapps\target#tasks.war
21-Sep-2023 23:16:54.352 INFORMAÇÕES [http-nio-8001-exec-2] org.apache.catalina.core.ApplicationContext.log HTMLManager: list: Listing contexts for virtual host 'localhost'
21-Sep-2023 23:17:03.804 INFORMAÇÕES [http-nio-8001-exec-8] org.apache.catalina.core.ApplicationContext.log HTMLManager: restart: Reloading web application '/target/tasks'
21-Sep-2023 23:17:03.843 INFORMAÇÕES [http-nio-8001-exec-3] org.apache.catalina.core.ApplicationContext.log HTMLManager: restart: Reloading web application '/target/tasks'
21-Sep-2023 23:17:05.221 INFORMAÇÕES [http-nio-8001-exec-15] org.apache.catalina.core.ApplicationContext.log HTMLManager: restart: Reloading web application '/target/tasks'
21-Sep-2023 23:17:06.614 INFORMAÇÕES [http-nio-8001-exec-1] org.apache.catalina.core.ApplicationContext.log HTMLManager: restart: Reloading web application '/target/tasks'
21-Sep-2023 23:17:07.714 INFORMAÇÕES [http-nio-8001-exec-10] org.apache.catalina.core.ApplicationContext.log HTMLManager: restart: Reloading web application '/target/tasks'
21-Sep-2023 23:17:08.706 INFORMAÇÕES [http-nio-8001-exec-8] org.apache.catalina.core.ApplicationContext.log HTMLManager: list: Listing contexts for virtual host 'localhost'
21-Sep-2023 23:17:13.654 INFORMAÇÕES [http-nio-8001-exec-10] org.apache.catalina.core.ApplicationContext.log HTMLManager: list: Listing contexts for virtual host 'localhost'
21-Sep-2023 23:17:18.429 INFORMAÇÕES [http-nio-8001-exec-1] org.apache.catalina.core.ApplicationContext.log HTMLManager: list: Listing contexts for virtual host 'localhost'
21-Sep-2023 23:17:23.355 INFORMAÇÕES [http-nio-8001-exec-15] org.apache.catalina.core.ApplicationContext.log HTMLManager: list: Listing contexts for virtual host 'localhost'
21-Sep-2023 23:17:28.178 INFORMAÇÕES [http-nio-8001-exec-3] org.apache.catalina.core.ApplicationContext.log HTMLManager: list: Listing contexts for virtual host 'localhost'
