22-Sep-2023 00:00:09.788 INFORMAÇÕES [http-nio-8001-exec-27] org.apache.catalina.core.ApplicationContext.log HTMLManager: list: Listing contexts for virtual host 'localhost'
22-Sep-2023 00:02:24.274 INFORMAÇÕES [http-nio-8001-exec-30] org.apache.catalina.core.ApplicationContext.log Manager: list: Listing contexts for virtual host 'localhost'
22-Sep-2023 00:02:24.276 INFORMAÇÕES [http-nio-8001-exec-22] org.apache.catalina.core.ApplicationContext.log Manager: list: Listing contexts for virtual host 'localhost'
22-Sep-2023 00:02:24.277 INFORMAÇÕES [http-nio-8001-exec-21] org.apache.catalina.core.ApplicationContext.log Manager: undeploy: Undeploying web application at '/target/tasks-backend'
22-Sep-2023 00:02:24.932 INFORMAÇÕES [http-nio-8001-exec-28] org.apache.catalina.core.ApplicationContext.log Manager: deploy: Deploying web application '/target/tasks-backend'
22-Sep-2023 00:02:24.932 INFORMAÇÕES [http-nio-8001-exec-28] org.apache.catalina.core.ApplicationContext.log Manager: Uploading WAR file to C:\Users\WINDOWS HOME\devops-jenkins\apache-tomcat-9.0.78\webapps\target#tasks-backend.war
22-Sep-2023 00:03:28.978 INFORMAÇÕES [http-nio-8001-exec-31] org.apache.catalina.core.ApplicationContext.log Manager: list: Listing contexts for virtual host 'localhost'
22-Sep-2023 00:03:28.982 INFORMAÇÕES [http-nio-8001-exec-32] org.apache.catalina.core.ApplicationContext.log Manager: list: Listing contexts for virtual host 'localhost'
22-Sep-2023 00:03:28.985 INFORMAÇÕES [http-nio-8001-exec-33] org.apache.catalina.core.ApplicationContext.log Manager: undeploy: Undeploying web application at '/target/tasks-backend'
22-Sep-2023 00:03:29.729 INFORMAÇÕES [http-nio-8001-exec-24] org.apache.catalina.core.ApplicationContext.log Manager: deploy: Deploying web application '/target/tasks-backend'
22-Sep-2023 00:03:29.729 INFORMAÇÕES [http-nio-8001-exec-24] org.apache.catalina.core.ApplicationContext.log Manager: Uploading WAR file to C:\Users\WINDOWS HOME\devops-jenkins\apache-tomcat-9.0.78\webapps\target#tasks-backend.war
22-Sep-2023 00:03:30.625 INFORMAÇÕES [http-nio-8001-exec-27] org.apache.catalina.core.ApplicationContext.log Manager: list: Listing contexts for virtual host 'localhost'
22-Sep-2023 00:03:30.628 INFORMAÇÕES [http-nio-8001-exec-30] org.apache.catalina.core.ApplicationContext.log Manager: list: Listing contexts for virtual host 'localhost'
22-Sep-2023 00:03:30.631 INFORMAÇÕES [http-nio-8001-exec-25] org.apache.catalina.core.ApplicationContext.log Manager: undeploy: Undeploying web application at '/target/tasks'
22-Sep-2023 00:03:31.337 INFORMAÇÕES [http-nio-8001-exec-35] org.apache.catalina.core.ApplicationContext.log Manager: deploy: Deploying web application '/target/tasks'
22-Sep-2023 00:03:31.337 INFORMAÇÕES [http-nio-8001-exec-35] org.apache.catalina.core.ApplicationContext.log Manager: Uploading WAR file to C:\Users\WINDOWS HOME\devops-jenkins\apache-tomcat-9.0.78\webapps\target#tasks.war
22-Sep-2023 00:04:18.306 INFORMAÇÕES [http-nio-8001-exec-32] org.apache.catalina.core.ApplicationContext.log Manager: list: Listing contexts for virtual host 'localhost'
22-Sep-2023 00:04:18.309 INFORMAÇÕES [http-nio-8001-exec-31] org.apache.catalina.core.ApplicationContext.log Manager: list: Listing contexts for virtual host 'localhost'
22-Sep-2023 00:04:18.311 INFORMAÇÕES [http-nio-8001-exec-29] org.apache.catalina.core.ApplicationContext.log Manager: undeploy: Undeploying web application at '/target/tasks-backend'
22-Sep-2023 00:04:18.992 INFORMAÇÕES [http-nio-8001-exec-29] org.apache.catalina.core.ApplicationContext.log Manager: deploy: Deploying web application '/target/tasks-backend'
22-Sep-2023 00:04:18.992 INFORMAÇÕES [http-nio-8001-exec-29] org.apache.catalina.core.ApplicationContext.log Manager: Uploading WAR file to C:\Users\WINDOWS HOME\devops-jenkins\apache-tomcat-9.0.78\webapps\target#tasks-backend.war
22-Sep-2023 00:04:19.434 INFORMAÇÕES [http-nio-8001-exec-36] org.apache.catalina.core.ApplicationContext.log Manager: list: Listing contexts for virtual host 'localhost'
22-Sep-2023 00:04:19.437 INFORMAÇÕES [http-nio-8001-exec-37] org.apache.catalina.core.ApplicationContext.log Manager: list: Listing contexts for virtual host 'localhost'
22-Sep-2023 00:04:19.440 INFORMAÇÕES [http-nio-8001-exec-39] org.apache.catalina.core.ApplicationContext.log Manager: undeploy: Undeploying web application at '/target/tasks'
22-Sep-2023 00:04:20.051 INFORMAÇÕES [http-nio-8001-exec-37] org.apache.catalina.core.ApplicationContext.log Manager: deploy: Deploying web application '/target/tasks'
22-Sep-2023 00:04:20.051 INFORMAÇÕES [http-nio-8001-exec-37] org.apache.catalina.core.ApplicationContext.log Manager: Uploading WAR file to C:\Users\WINDOWS HOME\devops-jenkins\apache-tomcat-9.0.78\webapps\target#tasks.war
22-Sep-2023 00:05:18.413 INFORMAÇÕES [http-nio-8001-exec-38] org.apache.catalina.core.ApplicationContext.log Manager: list: Listing contexts for virtual host 'localhost'
22-Sep-2023 00:05:18.415 INFORMAÇÕES [http-nio-8001-exec-27] org.apache.catalina.core.ApplicationContext.log Manager: list: Listing contexts for virtual host 'localhost'
22-Sep-2023 00:05:18.416 INFORMAÇÕES [http-nio-8001-exec-42] org.apache.catalina.core.ApplicationContext.log Manager: undeploy: Undeploying web application at '/target/tasks-backend'
22-Sep-2023 00:05:18.580 INFORMAÇÕES [http-nio-8001-exec-46] org.apache.catalina.core.ApplicationContext.log Manager: list: Listing contexts for virtual host 'localhost'
22-Sep-2023 00:05:18.583 INFORMAÇÕES [http-nio-8001-exec-47] org.apache.catalina.core.ApplicationContext.log Manager: list: Listing contexts for virtual host 'localhost'
22-Sep-2023 00:05:18.585 INFORMAÇÕES [http-nio-8001-exec-31] org.apache.catalina.core.ApplicationContext.log Manager: undeploy: Undeploying web application at '/target/tasks'
22-Sep-2023 00:05:19.091 INFORMAÇÕES [http-nio-8001-exec-39] org.apache.catalina.core.ApplicationContext.log Manager: deploy: Deploying web application '/target/tasks-backend'
22-Sep-2023 00:05:19.092 INFORMAÇÕES [http-nio-8001-exec-39] org.apache.catalina.core.ApplicationContext.log Manager: Uploading WAR file to C:\Users\WINDOWS HOME\devops-jenkins\apache-tomcat-9.0.78\webapps\target#tasks-backend.war
22-Sep-2023 00:05:19.733 INFORMAÇÕES [http-nio-8001-exec-47] org.apache.catalina.core.ApplicationContext.log Manager: deploy: Deploying web application '/target/tasks'
22-Sep-2023 00:05:19.733 INFORMAÇÕES [http-nio-8001-exec-47] org.apache.catalina.core.ApplicationContext.log Manager: Uploading WAR file to C:\Users\WINDOWS HOME\devops-jenkins\apache-tomcat-9.0.78\webapps\target#tasks.war
22-Sep-2023 00:06:28.061 INFORMAÇÕES [http-nio-8001-exec-48] org.apache.catalina.core.ApplicationContext.log Manager: list: Listing contexts for virtual host 'localhost'
22-Sep-2023 00:06:28.065 INFORMAÇÕES [http-nio-8001-exec-49] org.apache.catalina.core.ApplicationContext.log Manager: list: Listing contexts for virtual host 'localhost'
22-Sep-2023 00:06:28.067 INFORMAÇÕES [http-nio-8001-exec-49] org.apache.catalina.core.ApplicationContext.log Manager: undeploy: Undeploying web application at '/target/tasks-backend'
22-Sep-2023 00:06:28.220 INFORMAÇÕES [http-nio-8001-exec-50] org.apache.catalina.core.ApplicationContext.log Manager: list: Listing contexts for virtual host 'localhost'
22-Sep-2023 00:06:28.223 INFORMAÇÕES [http-nio-8001-exec-48] org.apache.catalina.core.ApplicationContext.log Manager: list: Listing contexts for virtual host 'localhost'
22-Sep-2023 00:06:28.227 INFORMAÇÕES [http-nio-8001-exec-52] org.apache.catalina.core.ApplicationContext.log Manager: undeploy: Undeploying web application at '/target/tasks'
22-Sep-2023 00:06:28.849 INFORMAÇÕES [http-nio-8001-exec-54] org.apache.catalina.core.ApplicationContext.log Manager: deploy: Deploying web application '/target/tasks-backend'
22-Sep-2023 00:06:28.849 INFORMAÇÕES [http-nio-8001-exec-54] org.apache.catalina.core.ApplicationContext.log Manager: Uploading WAR file to C:\Users\WINDOWS HOME\devops-jenkins\apache-tomcat-9.0.78\webapps\target#tasks-backend.war
22-Sep-2023 00:06:29.367 INFORMAÇÕES [http-nio-8001-exec-48] org.apache.catalina.core.ApplicationContext.log Manager: deploy: Deploying web application '/target/tasks'
22-Sep-2023 00:06:29.367 INFORMAÇÕES [http-nio-8001-exec-48] org.apache.catalina.core.ApplicationContext.log Manager: Uploading WAR file to C:\Users\WINDOWS HOME\devops-jenkins\apache-tomcat-9.0.78\webapps\target#tasks.war
22-Sep-2023 00:07:30.166 INFORMAÇÕES [http-nio-8001-exec-55] org.apache.catalina.core.ApplicationContext.log Manager: list: Listing contexts for virtual host 'localhost'
22-Sep-2023 00:07:30.172 INFORMAÇÕES [http-nio-8001-exec-55] org.apache.catalina.core.ApplicationContext.log Manager: list: Listing contexts for virtual host 'localhost'
22-Sep-2023 00:07:30.176 INFORMAÇÕES [http-nio-8001-exec-56] org.apache.catalina.core.ApplicationContext.log Manager: undeploy: Undeploying web application at '/target/tasks-backend'
22-Sep-2023 00:07:31.205 INFORMAÇÕES [http-nio-8001-exec-60] org.apache.catalina.core.ApplicationContext.log Manager: deploy: Deploying web application '/target/tasks-backend'
22-Sep-2023 00:07:31.205 INFORMAÇÕES [http-nio-8001-exec-60] org.apache.catalina.core.ApplicationContext.log Manager: Uploading WAR file to C:\Users\WINDOWS HOME\devops-jenkins\apache-tomcat-9.0.78\webapps\target#tasks-backend.war
22-Sep-2023 00:07:33.071 INFORMAÇÕES [http-nio-8001-exec-55] org.apache.catalina.core.ApplicationContext.log Manager: list: Listing contexts for virtual host 'localhost'
22-Sep-2023 00:07:33.074 INFORMAÇÕES [http-nio-8001-exec-42] org.apache.catalina.core.ApplicationContext.log Manager: list: Listing contexts for virtual host 'localhost'
22-Sep-2023 00:07:33.076 INFORMAÇÕES [http-nio-8001-exec-53] org.apache.catalina.core.ApplicationContext.log Manager: undeploy: Undeploying web application at '/target/tasks'
22-Sep-2023 00:07:33.736 INFORMAÇÕES [http-nio-8001-exec-42] org.apache.catalina.core.ApplicationContext.log Manager: deploy: Deploying web application '/target/tasks'
22-Sep-2023 00:07:33.736 INFORMAÇÕES [http-nio-8001-exec-42] org.apache.catalina.core.ApplicationContext.log Manager: Uploading WAR file to C:\Users\WINDOWS HOME\devops-jenkins\apache-tomcat-9.0.78\webapps\target#tasks.war
22-Sep-2023 00:08:12.891 INFORMAÇÕES [http-nio-8001-exec-22] org.apache.catalina.core.ApplicationContext.log Manager: list: Listing contexts for virtual host 'localhost'
22-Sep-2023 00:08:12.893 INFORMAÇÕES [http-nio-8001-exec-61] org.apache.catalina.core.ApplicationContext.log Manager: list: Listing contexts for virtual host 'localhost'
22-Sep-2023 00:08:12.895 INFORMAÇÕES [http-nio-8001-exec-59] org.apache.catalina.core.ApplicationContext.log Manager: undeploy: Undeploying web application at '/target/tasks'
22-Sep-2023 00:08:13.512 INFORMAÇÕES [http-nio-8001-exec-64] org.apache.catalina.core.ApplicationContext.log Manager: deploy: Deploying web application '/target/tasks'
22-Sep-2023 00:08:13.512 INFORMAÇÕES [http-nio-8001-exec-64] org.apache.catalina.core.ApplicationContext.log Manager: Uploading WAR file to C:\Users\WINDOWS HOME\devops-jenkins\apache-tomcat-9.0.78\webapps\target#tasks.war
22-Sep-2023 00:09:27.447 INFORMAÇÕES [http-nio-8001-exec-68] org.apache.catalina.core.ApplicationContext.log Manager: list: Listing contexts for virtual host 'localhost'
22-Sep-2023 00:09:27.452 INFORMAÇÕES [http-nio-8001-exec-69] org.apache.catalina.core.ApplicationContext.log Manager: list: Listing contexts for virtual host 'localhost'
22-Sep-2023 00:09:27.456 INFORMAÇÕES [http-nio-8001-exec-58] org.apache.catalina.core.ApplicationContext.log Manager: undeploy: Undeploying web application at '/target/tasks'
22-Sep-2023 00:09:28.475 INFORMAÇÕES [http-nio-8001-exec-70] org.apache.catalina.core.ApplicationContext.log Manager: deploy: Deploying web application '/target/tasks'
22-Sep-2023 00:09:28.475 INFORMAÇÕES [http-nio-8001-exec-70] org.apache.catalina.core.ApplicationContext.log Manager: Uploading WAR file to C:\Users\WINDOWS HOME\devops-jenkins\apache-tomcat-9.0.78\webapps\target#tasks.war
22-Sep-2023 00:10:36.675 INFORMAÇÕES [http-nio-8001-exec-71] org.apache.catalina.core.ApplicationContext.log Manager: list: Listing contexts for virtual host 'localhost'
22-Sep-2023 00:10:36.680 INFORMAÇÕES [http-nio-8001-exec-72] org.apache.catalina.core.ApplicationContext.log Manager: list: Listing contexts for virtual host 'localhost'
22-Sep-2023 00:10:36.684 INFORMAÇÕES [http-nio-8001-exec-72] org.apache.catalina.core.ApplicationContext.log Manager: undeploy: Undeploying web application at '/target/tasks'
22-Sep-2023 00:10:38.254 INFORMAÇÕES [http-nio-8001-exec-67] org.apache.catalina.core.ApplicationContext.log Manager: deploy: Deploying web application '/target/tasks'
22-Sep-2023 00:10:38.254 INFORMAÇÕES [http-nio-8001-exec-67] org.apache.catalina.core.ApplicationContext.log Manager: Uploading WAR file to C:\Users\WINDOWS HOME\devops-jenkins\apache-tomcat-9.0.78\webapps\target#tasks.war
22-Sep-2023 00:11:36.472 INFORMAÇÕES [http-nio-8001-exec-66] org.apache.catalina.core.ApplicationContext.log Manager: list: Listing contexts for virtual host 'localhost'
22-Sep-2023 00:11:36.477 INFORMAÇÕES [http-nio-8001-exec-74] org.apache.catalina.core.ApplicationContext.log Manager: list: Listing contexts for virtual host 'localhost'
22-Sep-2023 00:11:36.480 INFORMAÇÕES [http-nio-8001-exec-61] org.apache.catalina.core.ApplicationContext.log Manager: undeploy: Undeploying web application at '/target/tasks'
22-Sep-2023 00:11:37.225 INFORMAÇÕES [http-nio-8001-exec-73] org.apache.catalina.core.ApplicationContext.log Manager: deploy: Deploying web application '/target/tasks'
22-Sep-2023 00:11:37.225 INFORMAÇÕES [http-nio-8001-exec-73] org.apache.catalina.core.ApplicationContext.log Manager: Uploading WAR file to C:\Users\WINDOWS HOME\devops-jenkins\apache-tomcat-9.0.78\webapps\target#tasks.war
22-Sep-2023 00:12:37.773 INFORMAÇÕES [http-nio-8001-exec-79] org.apache.catalina.core.ApplicationContext.log Manager: list: Listing contexts for virtual host 'localhost'
22-Sep-2023 00:12:37.794 INFORMAÇÕES [http-nio-8001-exec-80] org.apache.catalina.core.ApplicationContext.log Manager: list: Listing contexts for virtual host 'localhost'
22-Sep-2023 00:12:37.841 INFORMAÇÕES [http-nio-8001-exec-74] org.apache.catalina.core.ApplicationContext.log Manager: undeploy: Undeploying web application at '/target/tasks'
22-Sep-2023 00:12:38.842 INFORMAÇÕES [http-nio-8001-exec-81] org.apache.catalina.core.ApplicationContext.log Manager: deploy: Deploying web application '/target/tasks'
22-Sep-2023 00:12:38.842 INFORMAÇÕES [http-nio-8001-exec-81] org.apache.catalina.core.ApplicationContext.log Manager: Uploading WAR file to C:\Users\WINDOWS HOME\devops-jenkins\apache-tomcat-9.0.78\webapps\target#tasks.war
